#
# There is insufficient memory for the Java Runtime Environment to continue.
# Native memory allocation (mmap) failed to map 65536 bytes for Failed to commit metaspace.
# Possible reasons:
#   The system is out of physical RAM or swap space
#   The process is running with CompressedOops enabled, and the Java Heap may be blocking the growth of the native heap
# Possible solutions:
#   Reduce memory load on the system
#   Increase physical memory or swap space
#   Check if swap backing store is full
#   Decrease Java heap size (-Xmx/-Xms)
#   Decrease number of Java threads
#   Decrease Java thread stack sizes (-Xss)
#   Set larger code cache with -XX:ReservedCodeCacheSize=
#   JVM is running with Unscaled Compressed Oops mode in which the Java heap is
#     placed in the first 4GB address space. The Java Heap base address is the
#     maximum limit for the native heap growth. Please use -XX:HeapBaseMinAddress
#     to set the Java Heap base and to place the Java Heap above 4GB virtual address.
# This output file may be truncated or incomplete.
#
#  Out of Memory Error (virtualSpaceNode.cpp:108), pid=28260, tid=28456
#
# JRE version: OpenJDK Runtime Environment (16.0.2+7) (build 16.0.2+7-67)
# Java VM: OpenJDK 64-Bit Server VM (16.0.2+7-67, mixed mode, tiered, compressed oops, compressed class ptrs, g1 gc, windows-amd64)
# No core dump will be written. Minidumps are not enabled by default on client versions of Windows
#

---------------  S U M M A R Y ------------

Command Line: org.jetbrains.kotlin.cli.jvm.K2JVMCompiler @C:\Users\ulyan\gradle-task\build\20220311_17853361597553238045.compiler.options

Host: Intel(R) Core(TM) i3-8145U CPU @ 2.10GHz, 4 cores, 3G,  Windows 10 , 64 bit Build 19041 (10.0.19041.1503)
Time: Fri Mar 11 01:26:11 2022 RTZ 2 (s 10 , 64 bit Build 19041 (10.0.19041.1503) elapsed time: 0.170637 seconds (0d 0h 0m 0s)

---------------  T H R E A D  ---------------

Current thread (0x00000260435180a0):  JavaThread "main" [_thread_in_vm, id=28456, stack(0x00000074c5600000,0x00000074c5700000)]

Stack: [0x00000074c5600000,0x00000074c5700000]
Native frames: (J=compiled Java code, j=interpreted, Vv=VM code, C=native code)
V  [jvm.dll+0x6681ca]
V  [jvm.dll+0x7c9e69]
V  [jvm.dll+0x7cb61e]
V  [jvm.dll+0x7cbc73]
V  [jvm.dll+0x242c55]
V  [jvm.dll+0x7c64eb]
V  [jvm.dll+0x60ddd6]
V  [jvm.dll+0x1be6ce]
V  [jvm.dll+0x610531]
V  [jvm.dll+0x60e6d1]
V  [jvm.dll+0x3628fa]
V  [jvm.dll+0x1e0ecf]
V  [jvm.dll+0x536022]
V  [jvm.dll+0x1f0d52]
V  [jvm.dll+0x741863]
V  [jvm.dll+0x743108]
V  [jvm.dll+0x743433]
V  [jvm.dll+0x23ab24]
V  [jvm.dll+0x23adc2]
V  [jvm.dll+0x551c68]
V  [jvm.dll+0x554ab0]
V  [jvm.dll+0x37999e]
V  [jvm.dll+0x378fdf]
C  0x000002604acab022

Java frames: (J=compiled Java code, j=interpreted, Vv=VM code)
j  java.lang.Class.getMethodsRecursive(Ljava/lang/String;[Ljava/lang/Class;Z)Ljava/lang/PublicMethods$MethodList;+12 java.base@16.0.2
j  java.lang.Class.getMethod0(Ljava/lang/String;[Ljava/lang/Class;)Ljava/lang/reflect/Method;+14 java.base@16.0.2
j  java.lang.Class.getMethod(Ljava/lang/String;[Ljava/lang/Class;)Ljava/lang/reflect/Method;+26 java.base@16.0.2
j  sun.launcher.LauncherHelper.validateMainClass(Ljava/lang/Class;)V+16 java.base@16.0.2
j  sun.launcher.LauncherHelper.checkAndLoadMain(ZILjava/lang/String;)Ljava/lang/Class;+80 java.base@16.0.2
v  ~StubRoutines::call_stub

---------------  P R O C E S S  ---------------

Threads class SMR info:
_java_thread_list=0x0000026000d72500, length=12, elements={
0x00000260435180a0, 0x000002600019c250, 0x000002600019d110, 0x000002600016ce40,
0x000002600016d840, 0x00000260001c5000, 0x00000260001c5a00, 0x00000260001c9c30,
0x00000260001ca720, 0x0000026000c08070, 0x0000026000d5b5c0, 0x0000026000d71f30
}

Java Threads: ( => current thread )
=>0x00000260435180a0 JavaThread "main" [_thread_in_vm, id=28456, stack(0x00000074c5600000,0x00000074c5700000)]
  0x000002600019c250 JavaThread "Reference Handler" daemon [_thread_blocked, id=30776, stack(0x00000074c5d00000,0x00000074c5e00000)]
  0x000002600019d110 JavaThread "Finalizer" daemon [_thread_blocked, id=24696, stack(0x00000074c5e00000,0x00000074c5f00000)]
  0x000002600016ce40 JavaThread "Signal Dispatcher" daemon [_thread_blocked, id=16744, stack(0x00000074c5f00000,0x00000074c6000000)]
  0x000002600016d840 JavaThread "Attach Listener" daemon [_thread_blocked, id=30396, stack(0x00000074c6000000,0x00000074c6100000)]
  0x00000260001c5000 JavaThread "Service Thread" daemon [_thread_blocked, id=31032, stack(0x00000074c6100000,0x00000074c6200000)]
  0x00000260001c5a00 JavaThread "Monitor Deflation Thread" daemon [_thread_blocked, id=16412, stack(0x00000074c6200000,0x00000074c6300000)]
  0x00000260001c9c30 JavaThread "C2 CompilerThread0" daemon [_thread_blocked, id=24668, stack(0x00000074c6300000,0x00000074c6400000)]
  0x00000260001ca720 JavaThread "C1 CompilerThread0" daemon [_thread_blocked, id=16820, stack(0x00000074c6400000,0x00000074c6500000)]
  0x0000026000c08070 JavaThread "Sweeper thread" daemon [_thread_blocked, id=8064, stack(0x00000074c6500000,0x00000074c6600000)]
  0x0000026000d5b5c0 JavaThread "Notification Thread" daemon [_thread_blocked, id=15888, stack(0x00000074c6600000,0x00000074c6700000)]
  0x0000026000d71f30 JavaThread "Common-Cleaner" daemon [_thread_blocked, id=30980, stack(0x00000074c6800000,0x00000074c6900000)]

Other Threads:
  0x0000026000132e50 VMThread "VM Thread" [stack: 0x00000074c5c00000,0x00000074c5d00000] [id=8868]
  0x0000026000d60300 WatcherThread [stack: 0x00000074c6700000,0x00000074c6800000] [id=20188]
  0x0000026043548e30 GCTaskThread "GC Thread#0" [stack: 0x00000074c5700000,0x00000074c5800000] [id=21088]
  0x00000260435528c0 ConcurrentGCThread "G1 Main Marker" [stack: 0x00000074c5800000,0x00000074c5900000] [id=27968]
  0x0000026043553ad0 ConcurrentGCThread "G1 Conc#0" [stack: 0x00000074c5900000,0x00000074c5a00000] [id=5960]
  0x00000260435c7e70 ConcurrentGCThread "G1 Refine#0" [stack: 0x00000074c5a00000,0x00000074c5b00000] [id=30176]
  0x00000260435c88f0 ConcurrentGCThread "G1 Service" [stack: 0x00000074c5b00000,0x00000074c5c00000] [id=31180]

Threads with active compile tasks:

VM state: not at safepoint (normal execution)

VM Mutex/Monitor currently owned by a thread:  ([mutex/lock_event])
[0x00000260435136f0] MetaspaceExpand_lock - owner thread: 0x00000260435180a0

Heap address: 0x00000000c2e00000, size: 978 MB, Compressed Oops mode: 32-bit

CDS disabled.
Compressed class space mapped at: 0x0000000100000000-0x0000000140000000, reserved size: 1073741824
Narrow klass base: 0x0000000000000000, Narrow klass shift: 3, Narrow klass range: 0x140000000

GC Precious Log:
 CPUs: 4 total, 4 available
 Memory: 3910M
 Large Page Support: Disabled
 NUMA Support: Disabled
 Compressed Oops: Enabled (32-bit)
 Heap Region Size: 1M
 Heap Min Capacity: 8M
 Heap Initial Capacity: 62M
 Heap Max Capacity: 978M
 Pre-touch: Disabled
 Parallel Workers: 4
 Concurrent Workers: 1
 Concurrent Refinement Workers: 4
 Periodic GC: Disabled

Heap:
 garbage-first heap   total 63488K, used 5120K [0x00000000c2e00000, 0x0000000100000000)
  region size 1024K, 3 young (3072K), 0 survivors (0K)
 Metaspace       used 4826K, committed 4928K, reserved 1056768K
  class space    used 395K, committed 448K, reserved 1048576K

Heap Regions: E=young(eden), S=young(survivor), O=old, HS=humongous(starts), HC=humongous(continues), CS=collection set, F=free, OA=open archive, CA=closed archive, TAMS=top-at-mark-start (previous, next)
|   0|0x00000000c2e00000, 0x00000000c2f00000, 0x00000000c2f00000|100%|HS|  |TAMS 0x00000000c2e00000, 0x00000000c2e00000| Complete 
|   1|0x00000000c2f00000, 0x00000000c3000000, 0x00000000c3000000|100%|HC|  |TAMS 0x00000000c2f00000, 0x00000000c2f00000| Complete 
|   2|0x00000000c3000000, 0x00000000c3100000, 0x00000000c3100000|100%|HC|  |TAMS 0x00000000c3000000, 0x00000000c3000000| Complete 
|   3|0x00000000c3100000, 0x00000000c3100000, 0x00000000c3200000|  0%| F|  |TAMS 0x00000000c3100000, 0x00000000c3100000| Untracked 
|   4|0x00000000c3200000, 0x00000000c3200000, 0x00000000c3300000|  0%| F|  |TAMS 0x00000000c3200000, 0x00000000c3200000| Untracked 
|   5|0x00000000c3300000, 0x00000000c3300000, 0x00000000c3400000|  0%| F|  |TAMS 0x00000000c3300000, 0x00000000c3300000| Untracked 
|   6|0x00000000c3400000, 0x00000000c3400000, 0x00000000c3500000|  0%| F|  |TAMS 0x00000000c3400000, 0x00000000c3400000| Untracked 
|   7|0x00000000c3500000, 0x00000000c3500000, 0x00000000c3600000|  0%| F|  |TAMS 0x00000000c3500000, 0x00000000c3500000| Untracked 
|   8|0x00000000c3600000, 0x00000000c3600000, 0x00000000c3700000|  0%| F|  |TAMS 0x00000000c3600000, 0x00000000c3600000| Untracked 
|   9|0x00000000c3700000, 0x00000000c3700000, 0x00000000c3800000|  0%| F|  |TAMS 0x00000000c3700000, 0x00000000c3700000| Untracked 
|  10|0x00000000c3800000, 0x00000000c3800000, 0x00000000c3900000|  0%| F|  |TAMS 0x00000000c3800000, 0x00000000c3800000| Untracked 
|  11|0x00000000c3900000, 0x00000000c3900000, 0x00000000c3a00000|  0%| F|  |TAMS 0x00000000c3900000, 0x00000000c3900000| Untracked 
|  12|0x00000000c3a00000, 0x00000000c3a00000, 0x00000000c3b00000|  0%| F|  |TAMS 0x00000000c3a00000, 0x00000000c3a00000| Untracked 
|  13|0x00000000c3b00000, 0x00000000c3b00000, 0x00000000c3c00000|  0%| F|  |TAMS 0x00000000c3b00000, 0x00000000c3b00000| Untracked 
|  14|0x00000000c3c00000, 0x00000000c3c00000, 0x00000000c3d00000|  0%| F|  |TAMS 0x00000000c3c00000, 0x00000000c3c00000| Untracked 
|  15|0x00000000c3d00000, 0x00000000c3d00000, 0x00000000c3e00000|  0%| F|  |TAMS 0x00000000c3d00000, 0x00000000c3d00000| Untracked 
|  16|0x00000000c3e00000, 0x00000000c3e00000, 0x00000000c3f00000|  0%| F|  |TAMS 0x00000000c3e00000, 0x00000000c3e00000| Untracked 
|  17|0x00000000c3f00000, 0x00000000c3f00000, 0x00000000c4000000|  0%| F|  |TAMS 0x00000000c3f00000, 0x00000000c3f00000| Untracked 
|  18|0x00000000c4000000, 0x00000000c4000000, 0x00000000c4100000|  0%| F|  |TAMS 0x00000000c4000000, 0x00000000c4000000| Untracked 
|  19|0x00000000c4100000, 0x00000000c4100000, 0x00000000c4200000|  0%| F|  |TAMS 0x00000000c4100000, 0x00000000c4100000| Untracked 
|  20|0x00000000c4200000, 0x00000000c4200000, 0x00000000c4300000|  0%| F|  |TAMS 0x00000000c4200000, 0x00000000c4200000| Untracked 
|  21|0x00000000c4300000, 0x00000000c4300000, 0x00000000c4400000|  0%| F|  |TAMS 0x00000000c4300000, 0x00000000c4300000| Untracked 
|  22|0x00000000c4400000, 0x00000000c4400000, 0x00000000c4500000|  0%| F|  |TAMS 0x00000000c4400000, 0x00000000c4400000| Untracked 
|  23|0x00000000c4500000, 0x00000000c4500000, 0x00000000c4600000|  0%| F|  |TAMS 0x00000000c4500000, 0x00000000c4500000| Untracked 
|  24|0x00000000c4600000, 0x00000000c4600000, 0x00000000c4700000|  0%| F|  |TAMS 0x00000000c4600000, 0x00000000c4600000| Untracked 
|  25|0x00000000c4700000, 0x00000000c4700000, 0x00000000c4800000|  0%| F|  |TAMS 0x00000000c4700000, 0x00000000c4700000| Untracked 
|  26|0x00000000c4800000, 0x00000000c4800000, 0x00000000c4900000|  0%| F|  |TAMS 0x00000000c4800000, 0x00000000c4800000| Untracked 
|  27|0x00000000c4900000, 0x00000000c4900000, 0x00000000c4a00000|  0%| F|  |TAMS 0x00000000c4900000, 0x00000000c4900000| Untracked 
|  28|0x00000000c4a00000, 0x00000000c4a00000, 0x00000000c4b00000|  0%| F|  |TAMS 0x00000000c4a00000, 0x00000000c4a00000| Untracked 
|  29|0x00000000c4b00000, 0x00000000c4b00000, 0x00000000c4c00000|  0%| F|  |TAMS 0x00000000c4b00000, 0x00000000c4b00000| Untracked 
|  30|0x00000000c4c00000, 0x00000000c4c00000, 0x00000000c4d00000|  0%| F|  |TAMS 0x00000000c4c00000, 0x00000000c4c00000| Untracked 
|  31|0x00000000c4d00000, 0x00000000c4d00000, 0x00000000c4e00000|  0%| F|  |TAMS 0x00000000c4d00000, 0x00000000c4d00000| Untracked 
|  32|0x00000000c4e00000, 0x00000000c4e00000, 0x00000000c4f00000|  0%| F|  |TAMS 0x00000000c4e00000, 0x00000000c4e00000| Untracked 
|  33|0x00000000c4f00000, 0x00000000c4f00000, 0x00000000c5000000|  0%| F|  |TAMS 0x00000000c4f00000, 0x00000000c4f00000| Untracked 
|  34|0x00000000c5000000, 0x00000000c5000000, 0x00000000c5100000|  0%| F|  |TAMS 0x00000000c5000000, 0x00000000c5000000| Untracked 
|  35|0x00000000c5100000, 0x00000000c5100000, 0x00000000c5200000|  0%| F|  |TAMS 0x00000000c5100000, 0x00000000c5100000| Untracked 
|  36|0x00000000c5200000, 0x00000000c5200000, 0x00000000c5300000|  0%| F|  |TAMS 0x00000000c5200000, 0x00000000c5200000| Untracked 
|  37|0x00000000c5300000, 0x00000000c5300000, 0x00000000c5400000|  0%| F|  |TAMS 0x00000000c5300000, 0x00000000c5300000| Untracked 
|  38|0x00000000c5400000, 0x00000000c5400000, 0x00000000c5500000|  0%| F|  |TAMS 0x00000000c5400000, 0x00000000c5400000| Untracked 
|  39|0x00000000c5500000, 0x00000000c5500000, 0x00000000c5600000|  0%| F|  |TAMS 0x00000000c5500000, 0x00000000c5500000| Untracked 
|  40|0x00000000c5600000, 0x00000000c5600000, 0x00000000c5700000|  0%| F|  |TAMS 0x00000000c5600000, 0x00000000c5600000| Untracked 
|  41|0x00000000c5700000, 0x00000000c5700000, 0x00000000c5800000|  0%| F|  |TAMS 0x00000000c5700000, 0x00000000c5700000| Untracked 
|  42|0x00000000c5800000, 0x00000000c5800000, 0x00000000c5900000|  0%| F|  |TAMS 0x00000000c5800000, 0x00000000c5800000| Untracked 
|  43|0x00000000c5900000, 0x00000000c5900000, 0x00000000c5a00000|  0%| F|  |TAMS 0x00000000c5900000, 0x00000000c5900000| Untracked 
|  44|0x00000000c5a00000, 0x00000000c5a00000, 0x00000000c5b00000|  0%| F|  |TAMS 0x00000000c5a00000, 0x00000000c5a00000| Untracked 
|  45|0x00000000c5b00000, 0x00000000c5b00000, 0x00000000c5c00000|  0%| F|  |TAMS 0x00000000c5b00000, 0x00000000c5b00000| Untracked 
|  46|0x00000000c5c00000, 0x00000000c5c00000, 0x00000000c5d00000|  0%| F|  |TAMS 0x00000000c5c00000, 0x00000000c5c00000| Untracked 
|  47|0x00000000c5d00000, 0x00000000c5d00000, 0x00000000c5e00000|  0%| F|  |TAMS 0x00000000c5d00000, 0x00000000c5d00000| Untracked 
|  48|0x00000000c5e00000, 0x00000000c5e00000, 0x00000000c5f00000|  0%| F|  |TAMS 0x00000000c5e00000, 0x00000000c5e00000| Untracked 
|  49|0x00000000c5f00000, 0x00000000c5f00000, 0x00000000c6000000|  0%| F|  |TAMS 0x00000000c5f00000, 0x00000000c5f00000| Untracked 
|  50|0x00000000c6000000, 0x00000000c6000000, 0x00000000c6100000|  0%| F|  |TAMS 0x00000000c6000000, 0x00000000c6000000| Untracked 
|  51|0x00000000c6100000, 0x00000000c6100000, 0x00000000c6200000|  0%| F|  |TAMS 0x00000000c6100000, 0x00000000c6100000| Untracked 
|  52|0x00000000c6200000, 0x00000000c6200000, 0x00000000c6300000|  0%| F|  |TAMS 0x00000000c6200000, 0x00000000c6200000| Untracked 
|  53|0x00000000c6300000, 0x00000000c6300000, 0x00000000c6400000|  0%| F|  |TAMS 0x00000000c6300000, 0x00000000c6300000| Untracked 
|  54|0x00000000c6400000, 0x00000000c6400000, 0x00000000c6500000|  0%| F|  |TAMS 0x00000000c6400000, 0x00000000c6400000| Untracked 
|  55|0x00000000c6500000, 0x00000000c6500000, 0x00000000c6600000|  0%| F|  |TAMS 0x00000000c6500000, 0x00000000c6500000| Untracked 
|  56|0x00000000c6600000, 0x00000000c6600000, 0x00000000c6700000|  0%| F|  |TAMS 0x00000000c6600000, 0x00000000c6600000| Untracked 
|  57|0x00000000c6700000, 0x00000000c6700000, 0x00000000c6800000|  0%| F|  |TAMS 0x00000000c6700000, 0x00000000c6700000| Untracked 
|  58|0x00000000c6800000, 0x00000000c6800000, 0x00000000c6900000|  0%| F|  |TAMS 0x00000000c6800000, 0x00000000c6800000| Untracked 
|  59|0x00000000c6900000, 0x00000000c698e438, 0x00000000c6a00000| 55%| E|  |TAMS 0x00000000c6900000, 0x00000000c6900000| Complete 
|  60|0x00000000c6a00000, 0x00000000c6b00000, 0x00000000c6b00000|100%| E|CS|TAMS 0x00000000c6a00000, 0x00000000c6a00000| Complete 
|  61|0x00000000c6b00000, 0x00000000c6c00000, 0x00000000c6c00000|100%| E|CS|TAMS 0x00000000c6b00000, 0x00000000c6b00000| Complete 

Card table byte_map: [0x0000026059e80000,0x000002605a070000] _byte_map_base: 0x0000026059869000

Marking Bits (Prev, Next): (CMBitMap*) 0x000002604354a4b0, (CMBitMap*) 0x000002604354a4f0
 Prev Bits: [0x000002605a260000, 0x000002605b1a8000)
 Next Bits: [0x000002605b1b0000, 0x000002605c0f8000)

Polling page: 0x0000026041310000

Metaspace:

Usage:
  Non-class:      4.33 MB used.
      Class:    395.71 KB used.
       Both:      4.71 MB used.

Virtual space:
  Non-class space:        8.00 MB reserved,       4.38 MB ( 55%) committed,  1 nodes.
      Class space:        1.00 GB reserved,     448.00 KB ( <1%) committed,  1 nodes.
              Both:        1.01 GB reserved,       4.81 MB ( <1%) committed. 

Chunk freelists:
   Non-Class:  2.78 MB
       Class:  3.55 MB
        Both:  6.33 MB

MaxMetaspaceSize: 17179869184.00 GB
CompressedClassSpaceSize: 1.00 GB
 - commit_granule_bytes: 65536.
 - commit_granule_words: 8192.
 - virtual_space_node_default_size: 1048576.
 - enlarge_chunks_in_place: 1.
 - new_chunks_are_fully_committed: 0.
 - uncommit_free_chunks: 1.
 - use_allocation_guard: 0.
 - handle_deallocations: 1.


Internal statistics:

num_allocs_failed_limit: 0.
num_arena_births: 4.
num_arena_deaths: 0.
num_vsnodes_births: 2.
num_vsnodes_deaths: 0.
num_space_committed: 77.
num_space_uncommitted: 0.
num_chunks_returned_to_freelist: 0.
num_chunks_taken_from_freelist: 18.
num_chunk_merges: 0.
num_chunk_splits: 11.
num_chunks_enlarged: 11.
num_purges: 0.

CodeHeap 'non-profiled nmethods': size=120000Kb used=33Kb max_used=33Kb free=119967Kb
 bounds [0x0000026052760000, 0x00000260529d0000, 0x0000026059c90000]
CodeHeap 'profiled nmethods': size=120000Kb used=132Kb max_used=132Kb free=119867Kb
 bounds [0x000002604b230000, 0x000002604b4a0000, 0x0000026052760000]
CodeHeap 'non-nmethods': size=5760Kb used=1055Kb max_used=1064Kb free=4704Kb
 bounds [0x000002604ac90000, 0x000002604af00000, 0x000002604b230000]
 total_blobs=425 nmethods=116 adapters=222
 compilation: enabled
              stopped_count=0, restarted_count=0
 full_count=0

Compilation events (20 events):
Event: 0.158 Thread 0x00000260001ca720  106       3       java.lang.CharacterDataLatin1::toLowerCase (39 bytes)
Event: 0.158 Thread 0x00000260001ca720 nmethod 106 0x000002604b24d310 code [0x000002604b24d4c0, 0x000002604b24d718]
Event: 0.158 Thread 0x00000260001ca720  107       3       java.util.Arrays::copyOfRange (64 bytes)
Event: 0.158 Thread 0x00000260001ca720 nmethod 107 0x000002604b24d890 code [0x000002604b24db00, 0x000002604b24e3f8]
Event: 0.158 Thread 0x00000260001ca720  109       3       java.lang.AbstractStringBuilder::putStringAt (12 bytes)
Event: 0.158 Thread 0x00000260001ca720 nmethod 109 0x000002604b24e790 code [0x000002604b24e940, 0x000002604b24eb88]
Event: 0.158 Thread 0x00000260001ca720  110       3       java.lang.AbstractStringBuilder::putStringAt (34 bytes)
Event: 0.159 Thread 0x00000260001ca720 nmethod 110 0x000002604b24ed10 code [0x000002604b24eee0, 0x000002604b24f1f8]
Event: 0.160 Thread 0x00000260001ca720  111       3       java.lang.StringLatin1::lastIndexOf (40 bytes)
Event: 0.160 Thread 0x00000260001ca720 nmethod 111 0x000002604b24f390 code [0x000002604b24f560, 0x000002604b24f958]
Event: 0.161 Thread 0x00000260001ca720  112       1       java.util.zip.Inflater$InflaterZStreamRef::address (5 bytes)
Event: 0.161 Thread 0x00000260001ca720 nmethod 112 0x0000026052768110 code [0x00000260527682a0, 0x0000026052768378]
Event: 0.166 Thread 0x00000260001ca720  113       3       java.lang.StringBuilder::append (8 bytes)
Event: 0.166 Thread 0x00000260001ca720 nmethod 113 0x000002604b24fa90 code [0x000002604b24fc40, 0x000002604b24fd88]
Event: 0.166 Thread 0x00000260001ca720  114       3       java.lang.AbstractStringBuilder::append (45 bytes)
Event: 0.166 Thread 0x00000260001ca720 nmethod 114 0x000002604b24fe10 code [0x000002604b250000, 0x000002604b250348]
Event: 0.166 Thread 0x00000260001ca720  115       3       java.lang.String::getBytes (46 bytes)
Event: 0.167 Thread 0x00000260001ca720 nmethod 115 0x000002604b250510 code [0x000002604b2506e0, 0x000002604b2509f8]
Event: 0.167 Thread 0x00000260001ca720  116       3       java.lang.StringLatin1::newString (24 bytes)
Event: 0.167 Thread 0x00000260001ca720 nmethod 116 0x000002604b250b10 code [0x000002604b250ce0, 0x000002604b251008]

GC Heap History (0 events):
No events

Deoptimization events (20 events):
Event: 0.136 Thread 0x00000260435180a0 DEOPT PACKING pc=0x000002604b248b84 sp=0x00000074c56fdb20
Event: 0.136 Thread 0x00000260435180a0 DEOPT UNPACKING pc=0x000002604acddece sp=0x00000074c56fcfd0 mode 0
Event: 0.136 Thread 0x00000260435180a0 DEOPT PACKING pc=0x000002604b248b84 sp=0x00000074c56fdb20
Event: 0.136 Thread 0x00000260435180a0 DEOPT UNPACKING pc=0x000002604acddece sp=0x00000074c56fcfd0 mode 0
Event: 0.136 Thread 0x00000260435180a0 DEOPT PACKING pc=0x000002604b248b84 sp=0x00000074c56fdb20
Event: 0.136 Thread 0x00000260435180a0 DEOPT UNPACKING pc=0x000002604acddece sp=0x00000074c56fcfd0 mode 0
Event: 0.137 Thread 0x00000260435180a0 DEOPT PACKING pc=0x000002604b248b84 sp=0x00000074c56fdb20
Event: 0.137 Thread 0x00000260435180a0 DEOPT UNPACKING pc=0x000002604acddece sp=0x00000074c56fcfd0 mode 0
Event: 0.137 Thread 0x00000260435180a0 DEOPT PACKING pc=0x000002604b248b84 sp=0x00000074c56fdb20
Event: 0.137 Thread 0x00000260435180a0 DEOPT UNPACKING pc=0x000002604acddece sp=0x00000074c56fcfd0 mode 0
Event: 0.137 Thread 0x00000260435180a0 DEOPT PACKING pc=0x000002604b248b84 sp=0x00000074c56fdb20
Event: 0.137 Thread 0x00000260435180a0 DEOPT UNPACKING pc=0x000002604acddece sp=0x00000074c56fcfd0 mode 0
Event: 0.137 Thread 0x00000260435180a0 DEOPT PACKING pc=0x000002604b248b84 sp=0x00000074c56fdb20
Event: 0.137 Thread 0x00000260435180a0 DEOPT UNPACKING pc=0x000002604acddece sp=0x00000074c56fcfd0 mode 0
Event: 0.137 Thread 0x00000260435180a0 DEOPT PACKING pc=0x000002604b248b84 sp=0x00000074c56fdb20
Event: 0.137 Thread 0x00000260435180a0 DEOPT UNPACKING pc=0x000002604acddece sp=0x00000074c56fcfd0 mode 0
Event: 0.137 Thread 0x00000260435180a0 DEOPT PACKING pc=0x000002604b248b84 sp=0x00000074c56fdb20
Event: 0.137 Thread 0x00000260435180a0 DEOPT UNPACKING pc=0x000002604acddece sp=0x00000074c56fcfd0 mode 0
Event: 0.137 Thread 0x00000260435180a0 DEOPT PACKING pc=0x000002604b248b84 sp=0x00000074c56fdb20
Event: 0.137 Thread 0x00000260435180a0 DEOPT UNPACKING pc=0x000002604acddece sp=0x00000074c56fcfd0 mode 0

Classes unloaded (0 events):
No events

Classes redefined (0 events):
No events

Internal exceptions (0 events):
No events

Events (20 events):
Event: 0.154 loading class java/security/PermissionCollection
Event: 0.154 loading class java/security/PermissionCollection done
Event: 0.154 loading class sun/security/util/LazyCodeSourcePermissionCollection done
Event: 0.154 loading class java/security/Permissions
Event: 0.154 loading class java/security/Permissions done
Event: 0.154 loading class java/lang/RuntimePermission
Event: 0.154 loading class java/lang/RuntimePermission done
Event: 0.154 loading class java/security/BasicPermissionCollection
Event: 0.154 loading class java/security/BasicPermissionCollection done
Event: 0.154 loading class java/security/AllPermission
Event: 0.154 loading class java/security/AllPermission done
Event: 0.154 loading class java/security/UnresolvedPermission
Event: 0.154 loading class java/security/UnresolvedPermission done
Event: 0.154 loading class java/security/SecureClassLoader$DebugHolder
Event: 0.154 loading class java/security/SecureClassLoader$DebugHolder done
Event: 0.154 loading class sun/security/util/Debug
Event: 0.154 loading class sun/security/util/Debug done
Event: 0.159 loading class java/util/concurrent/ConcurrentHashMap$ForwardingNode
Event: 0.159 loading class java/util/concurrent/ConcurrentHashMap$ForwardingNode done
Event: 0.168 loading class java/lang/PublicMethods$MethodList


Dynamic libraries:
0x00007ff66c7d0000 - 0x00007ff66c7de000 	C:\Users\ulyan\.jdks\openjdk-16.0.2\bin\java.exe
0x00007ff801ef0000 - 0x00007ff8020e5000 	C:\WINDOWS\SYSTEM32\ntdll.dll
0x00007ff801910000 - 0x00007ff8019ce000 	C:\WINDOWS\System32\KERNEL32.DLL
0x00007fffff6a0000 - 0x00007fffff968000 	C:\WINDOWS\System32\KERNELBASE.dll
0x00007fffffc60000 - 0x00007fffffd60000 	C:\WINDOWS\System32\ucrtbase.dll
0x00007ffff4710000 - 0x00007ffff4728000 	C:\Users\ulyan\.jdks\openjdk-16.0.2\bin\jli.dll
0x00007ffff46f0000 - 0x00007ffff4709000 	C:\Users\ulyan\.jdks\openjdk-16.0.2\bin\VCRUNTIME140.dll
0x00007ff800e40000 - 0x00007ff800fe0000 	C:\WINDOWS\System32\USER32.dll
0x00007fffff670000 - 0x00007fffff692000 	C:\WINDOWS\System32\win32u.dll
0x00007ff8010f0000 - 0x00007ff80111b000 	C:\WINDOWS\System32\GDI32.dll
0x00007fffeb100000 - 0x00007fffeb39a000 	C:\WINDOWS\WinSxS\amd64_microsoft.windows.common-controls_6595b64144ccf1df_6.0.19041.1110_none_60b5254171f9507e\COMCTL32.dll
0x00007fffff970000 - 0x00007fffffa7d000 	C:\WINDOWS\System32\gdi32full.dll
0x00007ff801040000 - 0x00007ff8010de000 	C:\WINDOWS\System32\msvcrt.dll
0x00007fffff5d0000 - 0x00007fffff66d000 	C:\WINDOWS\System32\msvcp_win.dll
0x00007ff801670000 - 0x00007ff8016a0000 	C:\WINDOWS\System32\IMM32.DLL
0x00007ffff4770000 - 0x00007ffff477c000 	C:\Users\ulyan\.jdks\openjdk-16.0.2\bin\vcruntime140_1.dll
0x00007fffc0310000 - 0x00007fffc03a1000 	C:\Users\ulyan\.jdks\openjdk-16.0.2\bin\msvcp140.dll
0x00007fff911d0000 - 0x00007fff91d7b000 	C:\Users\ulyan\.jdks\openjdk-16.0.2\bin\server\jvm.dll
0x00007ff800d00000 - 0x00007ff800dae000 	C:\WINDOWS\System32\ADVAPI32.dll
0x00007ff8015d0000 - 0x00007ff80166c000 	C:\WINDOWS\System32\sechost.dll
0x00007fffffec0000 - 0x00007ffffffe5000 	C:\WINDOWS\System32\RPCRT4.dll
0x00007ff8010e0000 - 0x00007ff8010e8000 	C:\WINDOWS\System32\PSAPI.DLL
0x00007fffeb8d0000 - 0x00007fffeb8f7000 	C:\WINDOWS\SYSTEM32\WINMM.dll
0x00007ffff35d0000 - 0x00007ffff35da000 	C:\WINDOWS\SYSTEM32\VERSION.dll
0x00007ffff6480000 - 0x00007ffff6489000 	C:\WINDOWS\SYSTEM32\WSOCK32.dll
0x00007ff801420000 - 0x00007ff80148b000 	C:\WINDOWS\System32\WS2_32.dll
0x00007ffffdea0000 - 0x00007ffffdeb2000 	C:\WINDOWS\SYSTEM32\kernel.appcore.dll
0x00007ffff46e0000 - 0x00007ffff46ea000 	C:\Users\ulyan\.jdks\openjdk-16.0.2\bin\jimage.dll
0x00007ffffd3f0000 - 0x00007ffffd5d4000 	C:\WINDOWS\SYSTEM32\DBGHELP.DLL
0x00007fffebc80000 - 0x00007fffebcac000 	C:\WINDOWS\SYSTEM32\dbgcore.DLL
0x00007fffffbd0000 - 0x00007fffffc52000 	C:\WINDOWS\System32\bcryptPrimitives.dll
0x00007ffff46b0000 - 0x00007ffff46d5000 	C:\Users\ulyan\.jdks\openjdk-16.0.2\bin\java.dll
0x00007ff8003d0000 - 0x00007ff800b14000 	C:\WINDOWS\System32\SHELL32.dll
0x00007ffffd6c0000 - 0x00007ffffde54000 	C:\WINDOWS\SYSTEM32\windows.storage.dll
0x00007ff800070000 - 0x00007ff8003c5000 	C:\WINDOWS\System32\combase.dll
0x00007fffff040000 - 0x00007fffff06e000 	C:\WINDOWS\SYSTEM32\Wldp.dll
0x00007ff8014a0000 - 0x00007ff80154d000 	C:\WINDOWS\System32\SHCORE.dll
0x00007ff8016a0000 - 0x00007ff8016f5000 	C:\WINDOWS\System32\shlwapi.dll
0x00007fffff530000 - 0x00007fffff54f000 	C:\WINDOWS\SYSTEM32\profapi.dll
0x00007fffe27c0000 - 0x00007fffe27d9000 	C:\Users\ulyan\.jdks\openjdk-16.0.2\bin\net.dll
0x00007fffed760000 - 0x00007fffed86c000 	C:\WINDOWS\SYSTEM32\WINHTTP.dll
0x00007ffffeda0000 - 0x00007ffffee0a000 	C:\WINDOWS\system32\mswsock.dll
0x00007fffe26c0000 - 0x00007fffe26d3000 	C:\Users\ulyan\.jdks\openjdk-16.0.2\bin\nio.dll
0x00007fffddbd0000 - 0x00007fffddbe8000 	C:\Users\ulyan\.jdks\openjdk-16.0.2\bin\zip.dll

dbghelp: loaded successfully - version: 4.0.5 - missing functions: none
symbol engine: initialized successfully - sym options: 0x614 - pdb path: .;C:\Users\ulyan\.jdks\openjdk-16.0.2\bin;C:\WINDOWS\SYSTEM32;C:\WINDOWS\WinSxS\amd64_microsoft.windows.common-controls_6595b64144ccf1df_6.0.19041.1110_none_60b5254171f9507e;C:\Users\ulyan\.jdks\openjdk-16.0.2\bin\server

VM Arguments:
java_command: org.jetbrains.kotlin.cli.jvm.K2JVMCompiler @C:\Users\ulyan\gradle-task\build\20220311_17853361597553238045.compiler.options
java_class_path (initial): C:\Users\ulyan\.gradle\caches\modules-2\files-2.1\org.jetbrains.kotlin\kotlin-compiler-embeddable\1.6.10\88f2073f4020cdb83132cfe940ceb9a60aba54ea\kotlin-compiler-embeddable-1.6.10.jar;C:\Users\ulyan\.gradle\caches\modules-2\files-2.1\org.jetbrains.kotlin\kotlin-reflect\1.6.10\1cbe9c92c12a94eea200d23c2bbaedaf3daf5132\kotlin-reflect-1.6.10.jar;C:\Users\ulyan\.gradle\caches\modules-2\files-2.1\org.jetbrains.kotlin\kotlin-stdlib\1.6.10\b8af3fe6f1ca88526914929add63cf5e7c5049af\kotlin-stdlib-1.6.10.jar;C:\Users\ulyan\.gradle\caches\modules-2\files-2.1\org.jetbrains.kotlin\kotlin-script-runtime\1.6.10\d0a7ff2e2500ef497ed0214ae40ad3c8387a6164\kotlin-script-runtime-1.6.10.jar;C:\Users\ulyan\.gradle\caches\modules-2\files-2.1\org.jetbrains.kotlin\kotlin-daemon-embeddable\1.6.10\a56d79bcbea411fa6058e4ecffc2de73e742bd2a\kotlin-daemon-embeddable-1.6.10.jar;C:\Users\ulyan\.gradle\caches\modules-2\files-2.1\org.jetbrains.intellij.deps\trove4j\1.0.20181211\216c2e14b070f334479d800987affe4054cd563f\trove4j-1.0.20181211.jar;C:\Users\ulyan\.gradle\caches\modules-2\files-2.1\net.java.dev.jna\jna\5.6.0\330f2244e9030119ab3030fc3fededc86713d9cc\jna-5.6.0.jar;C:\Users\ulyan\.gradle\caches\modules-2\files-2.1\org.jetbrains\annotations\13.0\919f0dfe192fb4e063e7dacadee7f8bb9a2672a9\annotations-13.0.jar;C:\Users\ulyan\.gradle\caches\modules-2\files-2.1\org.jetbrains.kotlin\kotlin-stdlib-common\1.6.10\c118700e3a33c8a0d9adc920e9dec0831171925\kotlin-stdlib-common-1.6.10.jar
Launcher Type: SUN_STANDARD

[Global flags]
     intx CICompilerCount                          = 3                                         {product} {ergonomic}
     uint ConcGCThreads                            = 1                                         {product} {ergonomic}
     uint G1ConcRefinementThreads                  = 4                                         {product} {ergonomic}
   size_t G1HeapRegionSize                         = 1048576                                   {product} {ergonomic}
    uintx GCDrainStackTargetSize                   = 64                                        {product} {ergonomic}
   size_t InitialHeapSize                          = 65011712                                  {product} {ergonomic}
   size_t MarkStackSize                            = 4194304                                   {product} {ergonomic}
   size_t MaxHeapSize                              = 1025507328                                {product} {ergonomic}
   size_t MaxNewSize                               = 614465536                                 {product} {ergonomic}
   size_t MinHeapDeltaBytes                        = 1048576                                   {product} {ergonomic}
   size_t MinHeapSize                              = 8388608                                   {product} {ergonomic}
    uintx NonNMethodCodeHeapSize                   = 5832780                                {pd product} {ergonomic}
    uintx NonProfiledCodeHeapSize                  = 122912730                              {pd product} {ergonomic}
    uintx ProfiledCodeHeapSize                     = 122912730                              {pd product} {ergonomic}
    uintx ReservedCodeCacheSize                    = 251658240                              {pd product} {ergonomic}
     bool SegmentedCodeCache                       = true                                      {product} {ergonomic}
   size_t SoftMaxHeapSize                          = 1025507328                             {manageable} {ergonomic}
     bool UseCompressedClassPointers               = true                           {product lp64_product} {ergonomic}
     bool UseCompressedOops                        = true                           {product lp64_product} {ergonomic}
     bool UseG1GC                                  = true                                      {product} {ergonomic}
     bool UseLargePagesIndividualAllocation        = false                                  {pd product} {ergonomic}

Logging:
Log output configuration:
 #0: stdout all=warning uptime,level,tags
 #1: stderr all=off uptime,level,tags

Environment Variables:
PATH=C:\Program Files (x86)\Common Files\Oracle\Java\javapath;C:\WINDOWS\system32;C:\WINDOWS;C:\WINDOWS\System32\Wbem;C:\WINDOWS\System32\WindowsPowerShell\v1.0\;C:\WINDOWS\System32\OpenSSH\;C:\Program Files\Git\cmd;C:\Users\ulyan\AppData\Local\Microsoft\WindowsApps;;C:\Program Files\JetBrains\IntelliJ IDEA Community Edition 2021.2.1\bin;;C:\Program Files\JetBrains\IntelliJ IDEA 2021.2.1\bin;
USERNAME=ulyan
OS=Windows_NT
PROCESSOR_IDENTIFIER=Intel64 Family 6 Model 142 Stepping 11, GenuineIntel



---------------  S Y S T E M  ---------------

OS:
 Windows 10 , 64 bit Build 19041 (10.0.19041.1503)
OS uptime: 3 days 4:44 hours

CPU: total 4 (initial active 4) (2 cores per cpu, 2 threads per core) family 6 model 142 stepping 11 microcode 0xb8, cx8, cmov, fxsr, ht, mmx, 3dnowpref, sse, sse2, sse3, ssse3, sse4.1, sse4.2, popcnt, lzcnt, tsc, tscinvbit, avx, avx2, aes, erms, clmul, bmi1, bmi2, adx, fma, vzeroupper, clflush, clflushopt

Memory: 4k page, system-wide physical 3910M (81M free)
TotalPageFile size 15686M (AvailPageFile size 0M)
current process WorkingSet (physical memory assigned to process): 32M, peak: 32M
current process commit charge ("private bytes"): 126M, peak: 128M

vm_info: OpenJDK 64-Bit Server VM (16.0.2+7-67) for windows-amd64 JRE (16.0.2+7-67), built on Jun  8 2021 23:21:43 by "mach5one" with MS VC++ 16.7 (VS2019)

END.
