#
# There is insufficient memory for the Java Runtime Environment to continue.
# Native memory allocation (mmap) failed to map 65011712 bytes for G1 virtual space
# Possible reasons:
#   The system is out of physical RAM or swap space
#   The process is running with CompressedOops enabled, and the Java Heap may be blocking the growth of the native heap
# Possible solutions:
#   Reduce memory load on the system
#   Increase physical memory or swap space
#   Check if swap backing store is full
#   Decrease Java heap size (-Xmx/-Xms)
#   Decrease number of Java threads
#   Decrease Java thread stack sizes (-Xss)
#   Set larger code cache with -XX:ReservedCodeCacheSize=
#   JVM is running with Unscaled Compressed Oops mode in which the Java heap is
#     placed in the first 4GB address space. The Java Heap base address is the
#     maximum limit for the native heap growth. Please use -XX:HeapBaseMinAddress
#     to set the Java Heap base and to place the Java Heap above 4GB virtual address.
# This output file may be truncated or incomplete.
#
#  Out of Memory Error (os_windows.cpp:3466), pid=18496, tid=5512
#
# JRE version:  (16.0.2+7) (build )
# Java VM: OpenJDK 64-Bit Server VM (16.0.2+7-67, mixed mode, sharing, tiered, compressed oops, compressed class ptrs, g1 gc, windows-amd64)
# No core dump will be written. Minidumps are not enabled by default on client versions of Windows
#

---------------  S U M M A R Y ------------

Command Line: org.jetbrains.kotlin.cli.jvm.K2JVMCompiler @C:\Users\ulyan\gradle-task\build\20220311_7085874571114397676.compiler.options

Host: Intel(R) Core(TM) i3-8145U CPU @ 2.10GHz, 4 cores, 3G,  Windows 10 , 64 bit Build 19041 (10.0.19041.1503)
Time: Fri Mar 11 01:29:07 2022 RTZ 2 (s 10 , 64 bit Build 19041 (10.0.19041.1503) elapsed time: 0.020624 seconds (0d 0h 0m 0s)

---------------  T H R E A D  ---------------

Current thread (0x000001e544527060):  JavaThread "Unknown thread" [_thread_in_vm, id=5512, stack(0x000000617f200000,0x000000617f300000)]

Stack: [0x000000617f200000,0x000000617f300000]
Native frames: (J=compiled Java code, j=interpreted, Vv=VM code, C=native code)
V  [jvm.dll+0x6681ca]
V  [jvm.dll+0x7c9e69]
V  [jvm.dll+0x7cb61e]
V  [jvm.dll+0x7cbc73]
V  [jvm.dll+0x242c55]
V  [jvm.dll+0x664f89]
V  [jvm.dll+0x659b75]
V  [jvm.dll+0x2fbfbb]
V  [jvm.dll+0x3031b6]
V  [jvm.dll+0x35299e]
V  [jvm.dll+0x352bcf]
V  [jvm.dll+0x2d3028]
V  [jvm.dll+0x2d4264]
V  [jvm.dll+0x79c741]
V  [jvm.dll+0x360791]
V  [jvm.dll+0x77a3f0]
V  [jvm.dll+0x3e4e8f]
V  [jvm.dll+0x3e6961]
C  [jli.dll+0x52fb]
C  [ucrtbase.dll+0x21bb2]
C  [KERNEL32.DLL+0x17034]
C  [ntdll.dll+0x52651]


---------------  P R O C E S S  ---------------

Threads class SMR info:
_java_thread_list=0x00007fff91cdcbb8, length=0, elements={
}

Java Threads: ( => current thread )

Other Threads:
  0x000001e544558a40 GCTaskThread "GC Thread#0" [stack: 0x000000617f300000,0x000000617f400000] [id=10016]
  0x000001e5445628d0 ConcurrentGCThread "G1 Main Marker" [stack: 0x000000617f400000,0x000000617f500000] [id=7040]
  0x000001e544563ae0 ConcurrentGCThread "G1 Conc#0" [stack: 0x000000617f500000,0x000000617f600000] [id=3392]

[error occurred during error reporting (printing all threads), id 0xc0000005, EXCEPTION_ACCESS_VIOLATION (0xc0000005) at pc=0x00007fff914b3ee7]

VM state: not at safepoint (not fully initialized)

VM Mutex/Monitor currently owned by a thread:  ([mutex/lock_event])
[0x000001e5445249e0] Heap_lock - owner thread: 0x000001e544527060

Heap address: 0x00000000c2e00000, size: 978 MB, Compressed Oops mode: 32-bit

CDS archive(s) mapped at: [0x0000000000000000-0x0000000000000000-0x0000000000000000), size 0, SharedBaseAddress: 0x0000000800000000, ArchiveRelocationMode: 0.
Narrow klass base: 0x0000000000000000, Narrow klass shift: 0, Narrow klass range: 0x0

GC Precious Log:
<Empty>

Heap:
 garbage-first heap   total 0K, used 0K [0x00000000c2e00000, 0x0000000100000000)
  region size 1024K, 0 young (0K), 0 survivors (0K)

[error occurred during error reporting (printing heap information), id 0xc0000005, EXCEPTION_ACCESS_VIOLATION (0xc0000005) at pc=0x00007fff91891eed]

GC Heap History (0 events):
No events

Deoptimization events (0 events):
No events

Classes unloaded (0 events):
No events

Classes redefined (0 events):
No events

Internal exceptions (0 events):
No events

Events (1 events):
Event: 0.015 Loaded shared library C:\Users\ulyan\.jdks\openjdk-16.0.2\bin\java.dll


Dynamic libraries:
0x00007ff66c7d0000 - 0x00007ff66c7de000 	C:\Users\ulyan\.jdks\openjdk-16.0.2\bin\java.exe
0x00007ff801ef0000 - 0x00007ff8020e5000 	C:\WINDOWS\SYSTEM32\ntdll.dll
0x00007ff801910000 - 0x00007ff8019ce000 	C:\WINDOWS\System32\KERNEL32.DLL
0x00007fffff6a0000 - 0x00007fffff968000 	C:\WINDOWS\System32\KERNELBASE.dll
0x00007fffffc60000 - 0x00007fffffd60000 	C:\WINDOWS\System32\ucrtbase.dll
0x00007ffff46f0000 - 0x00007ffff4709000 	C:\Users\ulyan\.jdks\openjdk-16.0.2\bin\VCRUNTIME140.dll
0x00007ffff4710000 - 0x00007ffff4728000 	C:\Users\ulyan\.jdks\openjdk-16.0.2\bin\jli.dll
0x00007ff800e40000 - 0x00007ff800fe0000 	C:\WINDOWS\System32\USER32.dll
0x00007fffff670000 - 0x00007fffff692000 	C:\WINDOWS\System32\win32u.dll
0x00007ff8010f0000 - 0x00007ff80111b000 	C:\WINDOWS\System32\GDI32.dll
0x00007fffff970000 - 0x00007fffffa7d000 	C:\WINDOWS\System32\gdi32full.dll
0x00007fffff5d0000 - 0x00007fffff66d000 	C:\WINDOWS\System32\msvcp_win.dll
0x00007fffeb100000 - 0x00007fffeb39a000 	C:\WINDOWS\WinSxS\amd64_microsoft.windows.common-controls_6595b64144ccf1df_6.0.19041.1110_none_60b5254171f9507e\COMCTL32.dll
0x00007ff801040000 - 0x00007ff8010de000 	C:\WINDOWS\System32\msvcrt.dll
0x00007ff801670000 - 0x00007ff8016a0000 	C:\WINDOWS\System32\IMM32.DLL
0x00007ffff4770000 - 0x00007ffff477c000 	C:\Users\ulyan\.jdks\openjdk-16.0.2\bin\vcruntime140_1.dll
0x00007fffc0310000 - 0x00007fffc03a1000 	C:\Users\ulyan\.jdks\openjdk-16.0.2\bin\msvcp140.dll
0x00007fff911d0000 - 0x00007fff91d7b000 	C:\Users\ulyan\.jdks\openjdk-16.0.2\bin\server\jvm.dll
0x00007ff800d00000 - 0x00007ff800dae000 	C:\WINDOWS\System32\ADVAPI32.dll
0x00007ff8015d0000 - 0x00007ff80166c000 	C:\WINDOWS\System32\sechost.dll
0x00007fffffec0000 - 0x00007ffffffe5000 	C:\WINDOWS\System32\RPCRT4.dll
0x00007ff8010e0000 - 0x00007ff8010e8000 	C:\WINDOWS\System32\PSAPI.DLL
0x00007ffff35d0000 - 0x00007ffff35da000 	C:\WINDOWS\SYSTEM32\VERSION.dll
0x00007fffeb8d0000 - 0x00007fffeb8f7000 	C:\WINDOWS\SYSTEM32\WINMM.dll
0x00007ffff6480000 - 0x00007ffff6489000 	C:\WINDOWS\SYSTEM32\WSOCK32.dll
0x00007ff801420000 - 0x00007ff80148b000 	C:\WINDOWS\System32\WS2_32.dll
0x00007ffffdea0000 - 0x00007ffffdeb2000 	C:\WINDOWS\SYSTEM32\kernel.appcore.dll
0x00007ffff46e0000 - 0x00007ffff46ea000 	C:\Users\ulyan\.jdks\openjdk-16.0.2\bin\jimage.dll
0x00007ffffd3f0000 - 0x00007ffffd5d4000 	C:\WINDOWS\SYSTEM32\DBGHELP.DLL
0x00007fffebc80000 - 0x00007fffebcac000 	C:\WINDOWS\SYSTEM32\dbgcore.DLL
0x00007fffffbd0000 - 0x00007fffffc52000 	C:\WINDOWS\System32\bcryptPrimitives.dll
0x00007ffff46b0000 - 0x00007ffff46d5000 	C:\Users\ulyan\.jdks\openjdk-16.0.2\bin\java.dll

dbghelp: loaded successfully - version: 4.0.5 - missing functions: none
symbol engine: initialized successfully - sym options: 0x614 - pdb path: .;C:\Users\ulyan\.jdks\openjdk-16.0.2\bin;C:\WINDOWS\SYSTEM32;C:\WINDOWS\WinSxS\amd64_microsoft.windows.common-controls_6595b64144ccf1df_6.0.19041.1110_none_60b5254171f9507e;C:\Users\ulyan\.jdks\openjdk-16.0.2\bin\server

VM Arguments:
java_command: org.jetbrains.kotlin.cli.jvm.K2JVMCompiler @C:\Users\ulyan\gradle-task\build\20220311_7085874571114397676.compiler.options
java_class_path (initial): C:\Users\ulyan\.gradle\caches\modules-2\files-2.1\org.jetbrains.kotlin\kotlin-compiler-embeddable\1.6.10\88f2073f4020cdb83132cfe940ceb9a60aba54ea\kotlin-compiler-embeddable-1.6.10.jar;C:\Users\ulyan\.gradle\caches\modules-2\files-2.1\org.jetbrains.kotlin\kotlin-reflect\1.6.10\1cbe9c92c12a94eea200d23c2bbaedaf3daf5132\kotlin-reflect-1.6.10.jar;C:\Users\ulyan\.gradle\caches\modules-2\files-2.1\org.jetbrains.kotlin\kotlin-stdlib\1.6.10\b8af3fe6f1ca88526914929add63cf5e7c5049af\kotlin-stdlib-1.6.10.jar;C:\Users\ulyan\.gradle\caches\modules-2\files-2.1\org.jetbrains.kotlin\kotlin-script-runtime\1.6.10\d0a7ff2e2500ef497ed0214ae40ad3c8387a6164\kotlin-script-runtime-1.6.10.jar;C:\Users\ulyan\.gradle\caches\modules-2\files-2.1\org.jetbrains.kotlin\kotlin-daemon-embeddable\1.6.10\a56d79bcbea411fa6058e4ecffc2de73e742bd2a\kotlin-daemon-embeddable-1.6.10.jar;C:\Users\ulyan\.gradle\caches\modules-2\files-2.1\org.jetbrains.intellij.deps\trove4j\1.0.20181211\216c2e14b070f334479d800987affe4054cd563f\trove4j-1.0.20181211.jar;C:\Users\ulyan\.gradle\caches\modules-2\files-2.1\net.java.dev.jna\jna\5.6.0\330f2244e9030119ab3030fc3fededc86713d9cc\jna-5.6.0.jar;C:\Users\ulyan\.gradle\caches\modules-2\files-2.1\org.jetbrains\annotations\13.0\919f0dfe192fb4e063e7dacadee7f8bb9a2672a9\annotations-13.0.jar;C:\Users\ulyan\.gradle\caches\modules-2\files-2.1\org.jetbrains.kotlin\kotlin-stdlib-common\1.6.10\c118700e3a33c8a0d9adc920e9dec0831171925\kotlin-stdlib-common-1.6.10.jar
Launcher Type: SUN_STANDARD

[Global flags]
     intx CICompilerCount                          = 3                                         {product} {ergonomic}
     uint ConcGCThreads                            = 1                                         {product} {ergonomic}
     uint G1ConcRefinementThreads                  = 4                                         {product} {ergonomic}
   size_t G1HeapRegionSize                         = 1048576                                   {product} {ergonomic}
    uintx GCDrainStackTargetSize                   = 64                                        {product} {ergonomic}
   size_t InitialHeapSize                          = 65011712                                  {product} {ergonomic}
   size_t MarkStackSize                            = 4194304                                   {product} {ergonomic}
   size_t MaxHeapSize                              = 1025507328                                {product} {ergonomic}
   size_t MinHeapDeltaBytes                        = 1048576                                   {product} {ergonomic}
   size_t MinHeapSize                              = 8388608                                   {product} {ergonomic}
    uintx NonNMethodCodeHeapSize                   = 5832780                                {pd product} {ergonomic}
    uintx NonProfiledCodeHeapSize                  = 122912730                              {pd product} {ergonomic}
    uintx ProfiledCodeHeapSize                     = 122912730                              {pd product} {ergonomic}
    uintx ReservedCodeCacheSize                    = 251658240                              {pd product} {ergonomic}
     bool SegmentedCodeCache                       = true                                      {product} {ergonomic}
   size_t SoftMaxHeapSize                          = 1025507328                             {manageable} {ergonomic}
     bool UseCompressedClassPointers               = true                           {product lp64_product} {ergonomic}
     bool UseCompressedOops                        = true                           {product lp64_product} {ergonomic}
     bool UseG1GC                                  = true                                      {product} {ergonomic}
     bool UseLargePagesIndividualAllocation        = false                                  {pd product} {ergonomic}

Logging:
Log output configuration:
 #0: stdout all=warning uptime,level,tags
 #1: stderr all=off uptime,level,tags

Environment Variables:
PATH=C:\Program Files (x86)\Common Files\Oracle\Java\javapath;C:\WINDOWS\system32;C:\WINDOWS;C:\WINDOWS\System32\Wbem;C:\WINDOWS\System32\WindowsPowerShell\v1.0\;C:\WINDOWS\System32\OpenSSH\;C:\Program Files\Git\cmd;C:\Users\ulyan\AppData\Local\Microsoft\WindowsApps;;C:\Program Files\JetBrains\IntelliJ IDEA Community Edition 2021.2.1\bin;;C:\Program Files\JetBrains\IntelliJ IDEA 2021.2.1\bin;
USERNAME=ulyan
OS=Windows_NT
PROCESSOR_IDENTIFIER=Intel64 Family 6 Model 142 Stepping 11, GenuineIntel



---------------  S Y S T E M  ---------------

OS:
 Windows 10 , 64 bit Build 19041 (10.0.19041.1503)
OS uptime: 3 days 4:47 hours

CPU: total 4 (initial active 4) (2 cores per cpu, 2 threads per core) family 6 model 142 stepping 11 microcode 0xb8, cx8, cmov, fxsr, ht, mmx, 3dnowpref, sse, sse2, sse3, ssse3, sse4.1, sse4.2, popcnt, lzcnt, tsc, tscinvbit, avx, avx2, aes, erms, clmul, bmi1, bmi2, adx, fma, vzeroupper, clflush, clflushopt

Memory: 4k page, system-wide physical 3910M (94M free)
TotalPageFile size 15686M (AvailPageFile size 54M)
current process WorkingSet (physical memory assigned to process): 9M, peak: 9M
current process commit charge ("private bytes"): 51M, peak: 113M

vm_info: OpenJDK 64-Bit Server VM (16.0.2+7-67) for windows-amd64 JRE (16.0.2+7-67), built on Jun  8 2021 23:21:43 by "mach5one" with MS VC++ 16.7 (VS2019)

END.
